Watching for file changes with StatReloader
Performing system checks...

System check identified some issues:

WARNINGS:
todos.Todo: (models.W042) Auto-created primary key used when not defining a primary key type, by default 'django.db.models.AutoField'.
	HINT: Configure the DEFAULT_AUTO_FIELD setting or the TodosConfig.default_auto_field attribute to point to a subclass of AutoField, e.g. 'django.db.models.BigAutoField'.

System check identified 1 issue (0 silenced).
October 07, 2023 - 00:49:06
Django version 4.2.6, using settings 'todoApp.settings'
Starting development server at http://0.0.0.0:8000/
Quit the server with CONTROL-C.

[07/Oct/2023 00:49:23] "GET /todos/ HTTP/1.1" 200 4708
[07/Oct/2023 00:49:23] "GET /static/css/style.css HTTP/1.1" 304 0
Not Found: /favicon.ico
[07/Oct/2023 00:49:23] "GET /favicon.ico HTTP/1.1" 404 2575
Not Found: /favicon.ico
[07/Oct/2023 00:49:23] "GET /favicon.ico HTTP/1.1" 404 2575
[07/Oct/2023 00:49:24] "GET /todos/ HTTP/1.1" 200 4708
Not Found: /favicon.ico
[07/Oct/2023 00:49:24] "GET /favicon.ico HTTP/1.1" 404 2575
Not Found: /favicon.ico
[07/Oct/2023 00:49:24] "GET /favicon.ico HTTP/1.1" 404 2575
[07/Oct/2023 00:49:25] "GET /todos/ HTTP/1.1" 200 4708
[07/Oct/2023 00:49:25] "GET /static/css/style.css HTTP/1.1" 200 225
Not Found: /favicon.ico
[07/Oct/2023 00:49:25] "GET /favicon.ico HTTP/1.1" 404 2575
Not Found: /favicon.ico
[07/Oct/2023 00:49:25] "GET /favicon.ico HTTP/1.1" 404 2575
Not Found: /favicon.ico
[07/Oct/2023 00:49:25] "GET /favicon.ico HTTP/1.1" 404 2575
[07/Oct/2023 00:49:31] "GET /todos/ HTTP/1.1" 200 4708
[07/Oct/2023 00:49:31] "GET /static/css/style.css HTTP/1.1" 200 225
[07/Oct/2023 00:49:33] "POST /todos/22/update HTTP/1.1" 302 0
[07/Oct/2023 00:49:33] "GET /todos/ HTTP/1.1" 200 4745
[07/Oct/2023 00:49:36] "GET /todos/ HTTP/1.1" 200 4745
Not Found: /favicon.ico
[07/Oct/2023 00:49:36] "GET /favicon.ico HTTP/1.1" 404 2575
Not Found: /favicon.ico
[07/Oct/2023 00:49:36] "GET /favicon.ico HTTP/1.1" 404 2575
